#
# A fatal error has been detected by the Java Runtime Environment:
#
#  EXCEPTION_ACCESS_VIOLATION (0xc0000005) at pc=0x00007ff9f72a9f63, pid=4612, tid=13544
#
# JRE version: OpenJDK Runtime Environment Temurin-17.0.6+10 (17.0.6+10) (build 17.0.6+10)
# Java VM: OpenJDK 64-Bit Server VM Temurin-17.0.6+10 (17.0.6+10, mixed mode, tiered, compressed oops, compressed class ptrs, g1 gc, windows-amd64)
# Problematic frame:
# V  [jvm.dll+0x79f63]
#
# No core dump will be written. Minidumps are not enabled by default on client versions of Windows
#
# If you would like to submit a bug report, please visit:
#   https://github.com/adoptium/adoptium-support/issues
#

---------------  S U M M A R Y ------------

Command Line: -XX:+ShowCodeDetailsInExceptionMessages -agentlib:jdwp=transport=dt_socket,suspend=y,address=localhost:49737 -javaagent:D:\Software\Location\eclipce\eclipse-jee-2023-03-R-win32-x86_64\eclipse\configuration\org.eclipse.osgi\424\0\.cp\lib\javaagent-shaded.jar -Dfile.encoding=UTF-8 com.akash.spapp1.SpApp1Application

Host: Intel(R) Core(TM) i5-5200U CPU @ 2.20GHz, 4 cores, 11G,  Windows 10 , 64 bit Build 19041 (10.0.19041.2788)
Time: Sat Apr 29 22:09:59 2023 India Standard Time elapsed time: 12.514433 seconds (0d 0h 0m 12s)

---------------  T H R E A D  ---------------

Current thread (0x0000024a21a888b0):  JavaThread "C2 CompilerThread1" daemon [_thread_in_native, id=13544, stack(0x0000007679e00000,0x0000007679f00000)]


Current CompileTask:
C2:  12514 4078       4       java.net.URLStreamHandler::parseURL (1201 bytes)

Stack: [0x0000007679e00000,0x0000007679f00000],  sp=0x0000007679efbb70,  free space=1006k
Native frames: (J=compiled Java code, j=interpreted, Vv=VM code, C=native code)
V  [jvm.dll+0x79f63]
V  [jvm.dll+0x1fcfff]
V  [jvm.dll+0x1fb8fa]
V  [jvm.dll+0x1fae97]
V  [jvm.dll+0x1faf06]
V  [jvm.dll+0x1bbbfb]
V  [jvm.dll+0x218749]
V  [jvm.dll+0x217a11]
V  [jvm.dll+0x1a3d0d]
V  [jvm.dll+0x22742a]
V  [jvm.dll+0x225565]
V  [jvm.dll+0x7ea2cb]
V  [jvm.dll+0x7e483a]
V  [jvm.dll+0x6762c5]
C  [ucrtbase.dll+0x21bb2]
C  [KERNEL32.DLL+0x17604]
C  [ntdll.dll+0x526a1]


siginfo: EXCEPTION_ACCESS_VIOLATION (0xc0000005), reading address 0x0000024a25f57ff8


Register to memory mapping:

RIP=0x00007ff9f72a9f63 jvm.dll
RAX=0x0000000000000004 is an unknown value
RBX=0x0000024a2608bcf0 points into unknown readable memory: 0x00007ff9f7afbaf0 | f0 ba af f7 f9 7f 00 00
RCX=0x0000024a2608bcf0 points into unknown readable memory: 0x00007ff9f7afbaf0 | f0 ba af f7 f9 7f 00 00
RDX=0x0000024a25f58000 points into unknown readable memory: 0x00007ff9f7d9ae38 | 38 ae d9 f7 f9 7f 00 00
RSP=0x0000007679efbb70 is pointing into the stack for thread: 0x0000024a21a888b0
RBP=0x0000000000001717 is an unknown value
RSI=0x00000000000fdfd0 is an unknown value
RDI=0x0000024a23cd36f8 points into unknown readable memory: 0x00007ff9f7b5f718 | 18 f7 b5 f7 f9 7f 00 00
R8 =0x0000024a25fbcb18 points into unknown readable memory: 0x0000024a2608bd88 | 88 bd 08 26 4a 02 00 00
R9 =0x0000024a23cd3768 points into unknown readable memory: 0x0000024a2608bcf0 | f0 bc 08 26 4a 02 00 00
R10=0x0000024a2608bcf0 points into unknown readable memory: 0x00007ff9f7afbaf0 | f0 ba af f7 f9 7f 00 00
R11=0x0000024a23c87820 points into unknown readable memory: 0x0000000100000000 | 00 00 00 00 01 00 00 00
R12=0x0 is NULL
R13=0x0000007679efbf40 is pointing into the stack for thread: 0x0000024a21a888b0
R14=0x0000024a23cd36f8 points into unknown readable memory: 0x00007ff9f7b5f718 | 18 f7 b5 f7 f9 7f 00 00
R15=0x00000000000fe130 is an unknown value


Registers:
RAX=0x0000000000000004, RBX=0x0000024a2608bcf0, RCX=0x0000024a2608bcf0, RDX=0x0000024a25f58000
RSP=0x0000007679efbb70, RBP=0x0000000000001717, RSI=0x00000000000fdfd0, RDI=0x0000024a23cd36f8
R8 =0x0000024a25fbcb18, R9 =0x0000024a23cd3768, R10=0x0000024a2608bcf0, R11=0x0000024a23c87820
R12=0x0000000000000000, R13=0x0000007679efbf40, R14=0x0000024a23cd36f8, R15=0x00000000000fe130
RIP=0x00007ff9f72a9f63, EFLAGS=0x0000000000010202

Top of Stack: (sp=0x0000007679efbb70)
0x0000007679efbb70:   0000024a2798cf20 0000024a2396dfd0
0x0000007679efbb80:   0000000000000029 00007ff9f7593378
0x0000007679efbb90:   0000024a23cd36f8 00007ff9f742cfff
0x0000007679efbba0:   0000000000000001 0000024a23cd36f8
0x0000007679efbbb0:   0000000000000000 000000010000171d
0x0000007679efbbc0:   0000024a23cd36f8 0000024a23cd36f8
0x0000007679efbbd0:   0000000000001717 0000024a2798cf20
0x0000007679efbbe0:   00000000000fdfd0 00007ff9f742b8fa
0x0000007679efbbf0:   0000024a233df050 0000024a233df050
0x0000007679efbc00:   0000007679efbf40 0000024a23cd36f8
0x0000007679efbc10:   0000024a00001719 0000024a2608bcf0
0x0000007679efbc20:   0000024a23cd36f8 0000024a23cd36f8
0x0000007679efbc30:   0000024a219d60a8 00007ff900000005
0x0000007679efbc40:   0000024a2608bcf0 0000024a23cd36f8
0x0000007679efbc50:   0000024a2608bcf0 0000000000007fd8
0x0000007679efbc60:   0000000005555055 0000000000000000 

Instructions: (pc=0x00007ff9f72a9f63)
0x00007ff9f72a9e63:   00 00 c3 cc cc cc cc cc cc cc cc cc cc b8 a8 03
0x00007ff9f72a9e73:   00 00 c3 cc cc cc cc cc cc cc cc cc cc b8 aa 03
0x00007ff9f72a9e83:   00 00 c3 cc cc cc cc cc cc cc cc cc cc b8 5c 02
0x00007ff9f72a9e93:   00 00 c3 cc cc cc cc cc cc cc cc cc cc b8 55 02
0x00007ff9f72a9ea3:   00 00 c3 cc cc cc cc cc cc cc cc cc cc b8 58 02
0x00007ff9f72a9eb3:   00 00 c3 cc cc cc cc cc cc cc cc cc cc b8 8b 01
0x00007ff9f72a9ec3:   00 00 c3 cc cc cc cc cc cc cc cc cc cc b8 c5 02
0x00007ff9f72a9ed3:   00 00 c3 cc cc cc cc cc cc cc cc cc cc b8 b5 02
0x00007ff9f72a9ee3:   00 00 c3 cc cc cc cc cc cc cc cc cc cc b8 c6 02
0x00007ff9f72a9ef3:   00 00 c3 cc cc cc cc cc cc cc cc cc cc b8 c8 02
0x00007ff9f72a9f03:   00 00 c3 cc cc cc cc cc cc cc cc cc cc b8 c7 02
0x00007ff9f72a9f13:   00 00 c3 cc cc cc cc cc cc cc cc cc cc b8 a9 02
0x00007ff9f72a9f23:   00 00 c3 cc cc cc cc cc cc cc cc cc cc 48 89 5c
0x00007ff9f72a9f33:   24 08 57 48 83 ec 20 48 8b 41 08 48 8b f9 8b d2
0x00007ff9f72a9f43:   49 8b d8 48 8b 0c d0 4c 8d 0c d0 48 85 c9 74 26
0x00007ff9f72a9f53:   4c 8b 41 10 4d 85 c0 74 1d 8b 41 20 49 8d 14 c0
0x00007ff9f72a9f63:   48 39 7a f8 48 8d 52 f8 75 f6 ff c8 89 41 20 49
0x00007ff9f72a9f73:   8b 0c c0 48 89 0a 49 89 19 48 85 db 74 29 48 8b
0x00007ff9f72a9f83:   4b 10 48 85 c9 74 20 8b 43 20 3b 43 24 75 11 8b
0x00007ff9f72a9f93:   d0 48 8b cb e8 84 b9 5d 00 8b 43 20 48 8b 4b 10
0x00007ff9f72a9fa3:   48 89 3c c1 ff 43 20 8b 0d 48 f5 b2 00 65 48 8b
0x00007ff9f72a9fb3:   04 25 58 00 00 00 ba 50 00 00 00 48 8b 04 c8 80
0x00007ff9f72a9fc3:   3c 02 00 75 05 e8 b3 52 81 00 48 8b 5c 24 30 48
0x00007ff9f72a9fd3:   83 c4 20 5f c3 cc cc cc cc cc cc cc cc b8 a8 00
0x00007ff9f72a9fe3:   00 00 c3 cc cc cc cc cc cc cc cc cc cc 40 53 48
0x00007ff9f72a9ff3:   83 ec 20 48 8b d9 e8 92 02 00 00 48 8d 05 93 ad
0x00007ff9f72aa003:   86 00 c6 83 98 00 00 00 00 48 89 03 48 8d 83 a8
0x00007ff9f72aa013:   00 00 00 48 89 43 40 48 8b c3 c7 43 2c be 00 00
0x00007ff9f72aa023:   00 c7 43 3c 02 00 00 00 48 83 c4 20 5b c3 cc cc
0x00007ff9f72aa033:   cc cc cc cc cc cc cc cc cc cc cc cc cc 40 53 48
0x00007ff9f72aa043:   83 ec 20 48 8b d9 e8 42 02 00 00 48 8d 05 3b b0
0x00007ff9f72aa053:   86 00 c7 43 2c de 00 00 00 48 89 03 48 8d 83 a0 


Stack slot to memory mapping:
stack at sp + 0 slots: 0x0000024a2798cf20 points into unknown readable memory: 0x0000000000000000 | 00 00 00 00 00 00 00 00
stack at sp + 1 slots: 0x0000024a2396dfd0 points into unknown readable memory: 0x00007ff9f7d9ae38 | 38 ae d9 f7 f9 7f 00 00
stack at sp + 2 slots: 0x0000000000000029 is an unknown value
stack at sp + 3 slots: 0x00007ff9f7593378 jvm.dll
stack at sp + 4 slots: 0x0000024a23cd36f8 points into unknown readable memory: 0x00007ff9f7b5f718 | 18 f7 b5 f7 f9 7f 00 00
stack at sp + 5 slots: 0x00007ff9f742cfff jvm.dll
stack at sp + 6 slots: 0x0000000000000001 is an unknown value
stack at sp + 7 slots: 0x0000024a23cd36f8 points into unknown readable memory: 0x00007ff9f7b5f718 | 18 f7 b5 f7 f9 7f 00 00


---------------  P R O C E S S  ---------------

Threads class SMR info:
_java_thread_list=0x0000024a22e9ad40, length=21, elements={
0x0000024a04406e70, 0x0000024a2015b520, 0x0000024a2015c610, 0x0000024a20c3ac70,
0x0000024a20c3b630, 0x0000024a20c3eda0, 0x0000024a20c3f750, 0x0000024a20c40bd0,
0x0000024a20c50980, 0x0000024a20cb0a80, 0x0000024a20d09530, 0x0000024a20eb5d30,
0x0000024a20f6e2a0, 0x0000024a20f6e790, 0x0000024a21a029c0, 0x0000024a21a888b0,
0x0000024a22525c20, 0x0000024a22524410, 0x0000024a225260f0, 0x0000024a22524db0,
0x0000024a22525280
}

Java Threads: ( => current thread )
  0x0000024a04406e70 JavaThread "main" [_thread_in_vm, id=14536, stack(0x0000007678900000,0x0000007678a00000)]
  0x0000024a2015b520 JavaThread "Reference Handler" daemon [_thread_blocked, id=5148, stack(0x0000007679000000,0x0000007679100000)]
  0x0000024a2015c610 JavaThread "Finalizer" daemon [_thread_blocked, id=11320, stack(0x0000007679100000,0x0000007679200000)]
  0x0000024a20c3ac70 JavaThread "Signal Dispatcher" daemon [_thread_blocked, id=2204, stack(0x0000007679200000,0x0000007679300000)]
  0x0000024a20c3b630 JavaThread "Attach Listener" daemon [_thread_blocked, id=14940, stack(0x0000007679300000,0x0000007679400000)]
  0x0000024a20c3eda0 JavaThread "Service Thread" daemon [_thread_blocked, id=14952, stack(0x0000007679400000,0x0000007679500000)]
  0x0000024a20c3f750 JavaThread "Monitor Deflation Thread" daemon [_thread_blocked, id=8880, stack(0x0000007679500000,0x0000007679600000)]
  0x0000024a20c40bd0 JavaThread "C2 CompilerThread0" daemon [_thread_in_native, id=9380, stack(0x0000007679600000,0x0000007679700000)]
  0x0000024a20c50980 JavaThread "C1 CompilerThread0" daemon [_thread_blocked, id=4368, stack(0x0000007679700000,0x0000007679800000)]
  0x0000024a20cb0a80 JavaThread "Sweeper thread" daemon [_thread_blocked, id=6524, stack(0x0000007679800000,0x0000007679900000)]
  0x0000024a20d09530 JavaThread "Common-Cleaner" daemon [_thread_blocked, id=14032, stack(0x0000007679900000,0x0000007679a00000)]
  0x0000024a20eb5d30 JavaThread "JDWP Transport Listener: dt_socket" daemon [_thread_blocked, id=7700, stack(0x0000007679b00000,0x0000007679c00000)]
  0x0000024a20f6e2a0 JavaThread "JDWP Event Helper Thread" daemon [_thread_blocked, id=6272, stack(0x0000007679c00000,0x0000007679d00000)]
  0x0000024a20f6e790 JavaThread "JDWP Command Reader" daemon [_thread_in_native, id=5728, stack(0x0000007679d00000,0x0000007679e00000)]
  0x0000024a21a029c0 JavaThread "Notification Thread" daemon [_thread_blocked, id=12736, stack(0x0000007679f00000,0x000000767a000000)]
=>0x0000024a21a888b0 JavaThread "C2 CompilerThread1" daemon [_thread_in_native, id=13544, stack(0x0000007679e00000,0x0000007679f00000)]
  0x0000024a22525c20 JavaThread "HikariPool-1 housekeeper" daemon [_thread_blocked, id=12864, stack(0x000000767a400000,0x000000767a500000)]
  0x0000024a22524410 JavaThread "HikariPool-1 connection adder" daemon [_thread_blocked, id=12028, stack(0x000000767a500000,0x000000767a600000)]
  0x0000024a225260f0 JavaThread "Catalina-utility-1" [_thread_blocked, id=6576, stack(0x000000767a600000,0x000000767a700000)]
  0x0000024a22524db0 JavaThread "Catalina-utility-2" [_thread_blocked, id=13428, stack(0x000000767a700000,0x000000767a800000)]
  0x0000024a22525280 JavaThread "container-0" [_thread_blocked, id=6800, stack(0x000000767a800000,0x000000767a900000)]

Other Threads:
  0x0000024a2013c5b0 VMThread "VM Thread" [stack: 0x0000007678f00000,0x0000007679000000] [id=6996]
  0x0000024a2150a930 WatcherThread [stack: 0x000000767a000000,0x000000767a100000] [id=108]
  0x0000024a0445fba0 GCTaskThread "GC Thread#0" [stack: 0x0000007678a00000,0x0000007678b00000] [id=3568]
  0x0000024a21907560 GCTaskThread "GC Thread#1" [stack: 0x000000767a100000,0x000000767a200000] [id=5860]
  0x0000024a21907810 GCTaskThread "GC Thread#2" [stack: 0x000000767a200000,0x000000767a300000] [id=13940]
  0x0000024a2136d1d0 GCTaskThread "GC Thread#3" [stack: 0x000000767a300000,0x000000767a400000] [id=4772]
  0x0000024a0446c9b0 ConcurrentGCThread "G1 Main Marker" [stack: 0x0000007678b00000,0x0000007678c00000] [id=7280]
  0x0000024a0446d3c0 ConcurrentGCThread "G1 Conc#0" [stack: 0x0000007678c00000,0x0000007678d00000] [id=11300]
  0x0000024a1ffb00a0 ConcurrentGCThread "G1 Refine#0" [stack: 0x0000007678d00000,0x0000007678e00000] [id=14876]
  0x0000024a1ffb13a0 ConcurrentGCThread "G1 Service" [stack: 0x0000007678e00000,0x0000007678f00000] [id=15252]

Threads with active compile tasks:
C2 CompilerThread0    12653 4115       4       org.eclipse.jdt.launching.internal.org.objectweb.asm.ClassReader::readMethod (1066 bytes)
C2 CompilerThread1    12653 4078       4       java.net.URLStreamHandler::parseURL (1201 bytes)

VM state: not at safepoint (normal execution)

VM Mutex/Monitor currently owned by a thread: None

Heap address: 0x0000000741200000, size: 3054 MB, Compressed Oops mode: Zero based, Oop shift amount: 3

CDS archive(s) not mapped
Compressed class space mapped at: 0x0000000800000000-0x0000000840000000, reserved size: 1073741824
Narrow klass base: 0x0000000800000000, Narrow klass shift: 0, Narrow klass range: 0x40000000

GC Precious Log:
 CPUs: 4 total, 4 available
 Memory: 12210M
 Large Page Support: Disabled
 NUMA Support: Disabled
 Compressed Oops: Enabled (Zero based)
 Heap Region Size: 2M
 Heap Min Capacity: 8M
 Heap Initial Capacity: 192M
 Heap Max Capacity: 3054M
 Pre-touch: Disabled
 Parallel Workers: 4
 Concurrent Workers: 1
 Concurrent Refinement Workers: 4
 Periodic GC: Disabled

Heap:
 garbage-first heap   total 61440K, used 23806K [0x0000000741200000, 0x0000000800000000)
  region size 2048K, 6 young (12288K), 2 survivors (4096K)
 Metaspace       used 49135K, committed 49536K, reserved 1097728K
  class space    used 5814K, committed 6016K, reserved 1048576K

Heap Regions: E=young(eden), S=young(survivor), O=old, HS=humongous(starts), HC=humongous(continues), CS=collection set, F=free, OA=open archive, CA=closed archive, TAMS=top-at-mark-start (previous, next)
|   0|0x0000000741200000, 0x0000000741400000, 0x0000000741400000|100%| O|  |TAMS 0x0000000741400000, 0x0000000741200000| Untracked 
|   1|0x0000000741400000, 0x0000000741600000, 0x0000000741600000|100%| O|  |TAMS 0x0000000741600000, 0x0000000741400000| Untracked 
|   2|0x0000000741600000, 0x0000000741800000, 0x0000000741800000|100%| O|  |TAMS 0x0000000741600000, 0x0000000741600000| Untracked 
|   3|0x0000000741800000, 0x0000000741a00000, 0x0000000741a00000|100%| O|  |TAMS 0x0000000741a00000, 0x0000000741800000| Untracked 
|   4|0x0000000741a00000, 0x0000000741c00000, 0x0000000741c00000|100%| O|  |TAMS 0x0000000741c00000, 0x0000000741a00000| Untracked 
|   5|0x0000000741c00000, 0x0000000741c00000, 0x0000000741e00000|  0%| F|  |TAMS 0x0000000741c00000, 0x0000000741c00000| Untracked 
|   6|0x0000000741e00000, 0x0000000742000000, 0x0000000742000000|100%| O|  |TAMS 0x0000000741e00000, 0x0000000741e00000| Untracked 
|   7|0x0000000742000000, 0x0000000742200000, 0x0000000742200000|100%| O|  |TAMS 0x0000000742000000, 0x0000000742000000| Untracked 
|   8|0x0000000742200000, 0x0000000742320800, 0x0000000742400000| 56%| O|  |TAMS 0x0000000742200000, 0x0000000742200000| Untracked 
|   9|0x0000000742400000, 0x0000000742400000, 0x0000000742600000|  0%| F|  |TAMS 0x0000000742400000, 0x0000000742400000| Untracked 
|  10|0x0000000742600000, 0x0000000742600000, 0x0000000742800000|  0%| F|  |TAMS 0x0000000742600000, 0x0000000742600000| Untracked 
|  11|0x0000000742800000, 0x0000000742800000, 0x0000000742a00000|  0%| F|  |TAMS 0x0000000742800000, 0x0000000742800000| Untracked 
|  12|0x0000000742a00000, 0x0000000742a1f218, 0x0000000742c00000|  6%| S|CS|TAMS 0x0000000742a00000, 0x0000000742a00000| Complete 
|  13|0x0000000742c00000, 0x0000000742e00000, 0x0000000742e00000|100%| S|CS|TAMS 0x0000000742c00000, 0x0000000742c00000| Complete 
|  14|0x0000000742e00000, 0x0000000742e00000, 0x0000000743000000|  0%| F|  |TAMS 0x0000000742e00000, 0x0000000742e00000| Untracked 
|  15|0x0000000743000000, 0x0000000743000000, 0x0000000743200000|  0%| F|  |TAMS 0x0000000743000000, 0x0000000743000000| Untracked 
|  16|0x0000000743200000, 0x0000000743200000, 0x0000000743400000|  0%| F|  |TAMS 0x0000000743200000, 0x0000000743200000| Untracked 
|  17|0x0000000743400000, 0x0000000743400000, 0x0000000743600000|  0%| F|  |TAMS 0x0000000743400000, 0x0000000743400000| Untracked 
|  18|0x0000000743600000, 0x0000000743600000, 0x0000000743800000|  0%| F|  |TAMS 0x0000000743600000, 0x0000000743600000| Untracked 
|  19|0x0000000743800000, 0x0000000743800000, 0x0000000743a00000|  0%| F|  |TAMS 0x0000000743800000, 0x0000000743800000| Untracked 
|  20|0x0000000743a00000, 0x0000000743a00000, 0x0000000743c00000|  0%| F|  |TAMS 0x0000000743a00000, 0x0000000743a00000| Untracked 
|  21|0x0000000743c00000, 0x0000000743c00000, 0x0000000743e00000|  0%| F|  |TAMS 0x0000000743c00000, 0x0000000743c00000| Untracked 
|  22|0x0000000743e00000, 0x0000000743e00000, 0x0000000744000000|  0%| F|  |TAMS 0x0000000743e00000, 0x0000000743e00000| Untracked 
|  23|0x0000000744000000, 0x0000000744000000, 0x0000000744200000|  0%| F|  |TAMS 0x0000000744000000, 0x0000000744000000| Untracked 
|  24|0x0000000744200000, 0x0000000744200000, 0x0000000744400000|  0%| F|  |TAMS 0x0000000744200000, 0x0000000744200000| Untracked 
|  25|0x0000000744400000, 0x0000000744400000, 0x0000000744600000|  0%| F|  |TAMS 0x0000000744400000, 0x0000000744400000| Untracked 
|  40|0x0000000746200000, 0x0000000746400000, 0x0000000746400000|100%| E|  |TAMS 0x0000000746200000, 0x0000000746200000| Complete 
|  41|0x0000000746400000, 0x0000000746600000, 0x0000000746600000|100%| E|CS|TAMS 0x0000000746400000, 0x0000000746400000| Complete 
|  42|0x0000000746600000, 0x0000000746800000, 0x0000000746800000|100%| E|CS|TAMS 0x0000000746600000, 0x0000000746600000| Complete 
|  95|0x000000074d000000, 0x000000074d200000, 0x000000074d200000|100%| E|CS|TAMS 0x000000074d000000, 0x000000074d000000| Complete 

Card table byte_map: [0x0000024a170c0000,0x0000024a176c0000] _byte_map_base: 0x0000024a136b7000

Marking Bits (Prev, Next): (CMBitMap*) 0x0000024a044601b0, (CMBitMap*) 0x0000024a044601f0
 Prev Bits: [0x0000024a17cc0000, 0x0000024a1ac78000)
 Next Bits: [0x0000024a1ac80000, 0x0000024a1dc38000)

Polling page: 0x0000024a02200000

Metaspace:

Usage:
  Non-class:     42.31 MB used.
      Class:      5.68 MB used.
       Both:     47.99 MB used.

Virtual space:
  Non-class space:       48.00 MB reserved,      42.56 MB ( 89%) committed,  6 nodes.
      Class space:        1.00 GB reserved,       5.88 MB ( <1%) committed,  1 nodes.
             Both:        1.05 GB reserved,      48.44 MB (  5%) committed. 

Chunk freelists:
   Non-Class:  624.00 KB
       Class:  2.11 MB
        Both:  2.72 MB

MaxMetaspaceSize: unlimited
CompressedClassSpaceSize: 1.00 GB
Initial GC threshold: 21.00 MB
Current GC threshold: 58.88 MB
CDS: off
MetaspaceReclaimPolicy: balanced
 - commit_granule_bytes: 65536.
 - commit_granule_words: 8192.
 - virtual_space_node_default_size: 1048576.
 - enlarge_chunks_in_place: 1.
 - new_chunks_are_fully_committed: 0.
 - uncommit_free_chunks: 1.
 - use_allocation_guard: 0.
 - handle_deallocations: 1.


Internal statistics:

num_allocs_failed_limit: 6.
num_arena_births: 518.
num_arena_deaths: 0.
num_vsnodes_births: 7.
num_vsnodes_deaths: 0.
num_space_committed: 775.
num_space_uncommitted: 0.
num_chunks_returned_to_freelist: 6.
num_chunks_taken_from_freelist: 1912.
num_chunk_merges: 6.
num_chunk_splits: 1371.
num_chunks_enlarged: 1077.
num_purges: 0.
num_inconsistent_stats: 0.

CodeHeap 'non-profiled nmethods': size=120000Kb used=2145Kb max_used=2731Kb free=117854Kb
 bounds [0x0000024a0f590000, 0x0000024a0f840000, 0x0000024a16ac0000]
CodeHeap 'profiled nmethods': size=120000Kb used=6929Kb max_used=9021Kb free=113070Kb
 bounds [0x0000024a07ac0000, 0x0000024a083a0000, 0x0000024a0eff0000]
CodeHeap 'non-nmethods': size=5760Kb used=1309Kb max_used=1370Kb free=4450Kb
 bounds [0x0000024a0eff0000, 0x0000024a0f260000, 0x0000024a0f590000]
 total_blobs=3969 nmethods=3418 adapters=463
 compilation: enabled
              stopped_count=0, restarted_count=0
 full_count=0

Compilation events (20 events):
Event: 12.256 Thread 0x0000024a21a888b0 nmethod 4106 0x0000024a0f5b1b90 code [0x0000024a0f5b1d00, 0x0000024a0f5b1d98]
Event: 12.256 Thread 0x0000024a21a888b0 4078       4       java.net.URLStreamHandler::parseURL (1201 bytes)
Event: 12.330 Thread 0x0000024a20c50980 4107  s    3       java.io.ByteArrayOutputStream::toByteArray (12 bytes)
Event: 12.331 Thread 0x0000024a20c50980 nmethod 4107 0x0000024a07b9d810 code [0x0000024a07b9d9c0, 0x0000024a07b9dbc8]
Event: 12.340 Thread 0x0000024a20c50980 4108       1       java.time.temporal.ChronoField::range (5 bytes)
Event: 12.340 Thread 0x0000024a20c50980 nmethod 4108 0x0000024a0f5b7490 code [0x0000024a0f5b7620, 0x0000024a0f5b76f8]
Event: 12.396 Thread 0x0000024a20c40bd0 nmethod 4070 0x0000024a0f632d90 code [0x0000024a0f633440, 0x0000024a0f63c938]
Event: 12.398 Thread 0x0000024a20c40bd0 4080       4       sun.net.www.protocol.file.Handler::parseURL (18 bytes)
Event: 12.422 Thread 0x0000024a20c40bd0 nmethod 4080 0x0000024a0f643190 code [0x0000024a0f643340, 0x0000024a0f643968]
Event: 12.423 Thread 0x0000024a20c40bd0 4075       4       jdk.internal.org.objectweb.asm.MethodWriter::visitVarInsn (302 bytes)
Event: 12.444 Thread 0x0000024a20c40bd0 nmethod 4075 0x0000024a0f5cf410 code [0x0000024a0f5cf5e0, 0x0000024a0f5d0188]
Event: 12.444 Thread 0x0000024a20c40bd0 4077       4       jdk.internal.loader.BuiltinClassLoader::findLoadedModule (33 bytes)
Event: 12.472 Thread 0x0000024a20c50980 4111       3       jdk.internal.loader.BuiltinClassLoader$1::hasNext (93 bytes)
Event: 12.473 Thread 0x0000024a20c50980 nmethod 4111 0x0000024a07be5410 code [0x0000024a07be5640, 0x0000024a07be60e8]
Event: 12.474 Thread 0x0000024a20c50980 4112       3       jdk.internal.loader.BuiltinClassLoader$1::hasMoreElements (5 bytes)
Event: 12.474 Thread 0x0000024a20c50980 nmethod 4112 0x0000024a07b21f10 code [0x0000024a07b220a0, 0x0000024a07b221e8]
Event: 12.478 Thread 0x0000024a20c50980 4113       3       jdk.internal.loader.ClassLoaders::bootLoader (4 bytes)
Event: 12.478 Thread 0x0000024a20c50980 nmethod 4113 0x0000024a07b25c90 code [0x0000024a07b25e20, 0x0000024a07b25f18]
Event: 12.481 Thread 0x0000024a20c50980 4114       3       java.util.concurrent.ConcurrentHashMap::<init> (9 bytes)
Event: 12.481 Thread 0x0000024a20c50980 nmethod 4114 0x0000024a07b28190 code [0x0000024a07b28360, 0x0000024a07b284c8]

GC Heap History (20 events):
Event: 3.852 GC heap before
{Heap before GC invocations=5 (full 0):
 garbage-first heap   total 40960K, used 28414K [0x0000000741200000, 0x0000000800000000)
  region size 2048K, 12 young (24576K), 2 survivors (4096K)
 Metaspace       used 23789K, committed 24000K, reserved 1073152K
  class space    used 2480K, committed 2560K, reserved 1048576K
}
Event: 3.858 GC heap after
{Heap after GC invocations=6 (full 0):
 garbage-first heap   total 40960K, used 9081K [0x0000000741200000, 0x0000000800000000)
  region size 2048K, 2 young (4096K), 2 survivors (4096K)
 Metaspace       used 23789K, committed 24000K, reserved 1073152K
  class space    used 2480K, committed 2560K, reserved 1048576K
}
Event: 3.877 GC heap before
{Heap before GC invocations=6 (full 0):
 garbage-first heap   total 40960K, used 11129K [0x0000000741200000, 0x0000000800000000)
  region size 2048K, 3 young (6144K), 2 survivors (4096K)
 Metaspace       used 24011K, committed 24256K, reserved 1073152K
  class space    used 2511K, committed 2624K, reserved 1048576K
}
Event: 3.882 GC heap after
{Heap after GC invocations=7 (full 0):
 garbage-first heap   total 40960K, used 9369K [0x0000000741200000, 0x0000000800000000)
  region size 2048K, 1 young (2048K), 1 survivors (2048K)
 Metaspace       used 24011K, committed 24256K, reserved 1073152K
  class space    used 2511K, committed 2624K, reserved 1048576K
}
Event: 4.047 GC heap before
{Heap before GC invocations=7 (full 0):
 garbage-first heap   total 40960K, used 25753K [0x0000000741200000, 0x0000000800000000)
  region size 2048K, 9 young (18432K), 1 survivors (2048K)
 Metaspace       used 25360K, committed 25600K, reserved 1073152K
  class space    used 2689K, committed 2816K, reserved 1048576K
}
Event: 4.049 GC heap after
{Heap after GC invocations=8 (full 0):
 garbage-first heap   total 40960K, used 9226K [0x0000000741200000, 0x0000000800000000)
  region size 2048K, 1 young (2048K), 1 survivors (2048K)
 Metaspace       used 25360K, committed 25600K, reserved 1073152K
  class space    used 2689K, committed 2816K, reserved 1048576K
}
Event: 4.490 GC heap before
{Heap before GC invocations=8 (full 0):
 garbage-first heap   total 40960K, used 27658K [0x0000000741200000, 0x0000000800000000)
  region size 2048K, 10 young (20480K), 1 survivors (2048K)
 Metaspace       used 26938K, committed 27200K, reserved 1073152K
  class space    used 2894K, committed 3008K, reserved 1048576K
}
Event: 4.493 GC heap after
{Heap after GC invocations=9 (full 0):
 garbage-first heap   total 118784K, used 9788K [0x0000000741200000, 0x0000000800000000)
  region size 2048K, 1 young (2048K), 1 survivors (2048K)
 Metaspace       used 26938K, committed 27200K, reserved 1073152K
  class space    used 2894K, committed 3008K, reserved 1048576K
}
Event: 7.360 GC heap before
{Heap before GC invocations=9 (full 0):
 garbage-first heap   total 118784K, used 77372K [0x0000000741200000, 0x0000000800000000)
  region size 2048K, 34 young (69632K), 1 survivors (2048K)
 Metaspace       used 32287K, committed 32576K, reserved 1081344K
  class space    used 3593K, committed 3712K, reserved 1048576K
}
Event: 7.373 GC heap after
{Heap after GC invocations=10 (full 0):
 garbage-first heap   total 118784K, used 12377K [0x0000000741200000, 0x0000000800000000)
  region size 2048K, 2 young (4096K), 2 survivors (4096K)
 Metaspace       used 32287K, committed 32576K, reserved 1081344K
  class space    used 3593K, committed 3712K, reserved 1048576K
}
Event: 8.461 GC heap before
{Heap before GC invocations=10 (full 0):
 garbage-first heap   total 118784K, used 41049K [0x0000000741200000, 0x0000000800000000)
  region size 2048K, 17 young (34816K), 2 survivors (4096K)
 Metaspace       used 35674K, committed 35968K, reserved 1081344K
  class space    used 4062K, committed 4224K, reserved 1048576K
}
Event: 8.476 GC heap after
{Heap after GC invocations=11 (full 0):
 garbage-first heap   total 118784K, used 14340K [0x0000000741200000, 0x0000000800000000)
  region size 2048K, 3 young (6144K), 3 survivors (6144K)
 Metaspace       used 35674K, committed 35968K, reserved 1081344K
  class space    used 4062K, committed 4224K, reserved 1048576K
}
Event: 9.452 GC heap before
{Heap before GC invocations=12 (full 0):
 garbage-first heap   total 61440K, used 45060K [0x0000000741200000, 0x0000000800000000)
  region size 2048K, 18 young (36864K), 3 survivors (6144K)
 Metaspace       used 39179K, committed 39552K, reserved 1089536K
  class space    used 4451K, committed 4608K, reserved 1048576K
}
Event: 9.473 GC heap after
{Heap after GC invocations=13 (full 0):
 garbage-first heap   total 61440K, used 15731K [0x0000000741200000, 0x0000000800000000)
  region size 2048K, 2 young (4096K), 2 survivors (4096K)
 Metaspace       used 39179K, committed 39552K, reserved 1089536K
  class space    used 4451K, committed 4608K, reserved 1048576K
}
Event: 9.515 GC heap before
{Heap before GC invocations=13 (full 0):
 garbage-first heap   total 61440K, used 15731K [0x0000000741200000, 0x0000000800000000)
  region size 2048K, 3 young (6144K), 2 survivors (4096K)
 Metaspace       used 39463K, committed 39872K, reserved 1089536K
  class space    used 4473K, committed 4672K, reserved 1048576K
}
Event: 9.525 GC heap after
{Heap after GC invocations=14 (full 0):
 garbage-first heap   total 61440K, used 16160K [0x0000000741200000, 0x0000000800000000)
  region size 2048K, 1 young (2048K), 1 survivors (2048K)
 Metaspace       used 39463K, committed 39872K, reserved 1089536K
  class space    used 4473K, committed 4672K, reserved 1048576K
}
Event: 10.689 GC heap before
{Heap before GC invocations=14 (full 0):
 garbage-first heap   total 61440K, used 44832K [0x0000000741200000, 0x0000000800000000)
  region size 2048K, 16 young (32768K), 1 survivors (2048K)
 Metaspace       used 42642K, committed 43072K, reserved 1089536K
  class space    used 4850K, committed 5056K, reserved 1048576K
}
Event: 10.696 GC heap after
{Heap after GC invocations=15 (full 0):
 garbage-first heap   total 61440K, used 16534K [0x0000000741200000, 0x0000000800000000)
  region size 2048K, 1 young (2048K), 1 survivors (2048K)
 Metaspace       used 42642K, committed 43072K, reserved 1089536K
  class space    used 4850K, committed 5056K, reserved 1048576K
}
Event: 11.880 GC heap before
{Heap before GC invocations=15 (full 0):
 garbage-first heap   total 61440K, used 45206K [0x0000000741200000, 0x0000000800000000)
  region size 2048K, 16 young (32768K), 1 survivors (2048K)
 Metaspace       used 45586K, committed 45952K, reserved 1097728K
  class space    used 5251K, committed 5440K, reserved 1048576K
}
Event: 11.886 GC heap after
{Heap after GC invocations=16 (full 0):
 garbage-first heap   total 61440K, used 17220K [0x0000000741200000, 0x0000000800000000)
  region size 2048K, 1 young (2048K), 1 survivors (2048K)
 Metaspace       used 45586K, committed 45952K, reserved 1097728K
  class space    used 5251K, committed 5440K, reserved 1048576K
}

Dll operation events (11 events):
Event: 0.016 Loaded shared library D:\Software\Location\eclipce\eclipse-jee-2023-03-R-win32-x86_64\eclipse\plugins\org.eclipse.justj.openjdk.hotspot.jre.full.win32.x86_64_17.0.6.v20230204-1729\jre\bin\java.dll
Event: 0.437 Loaded shared library D:\Software\Location\eclipce\eclipse-jee-2023-03-R-win32-x86_64\eclipse\plugins\org.eclipse.justj.openjdk.hotspot.jre.full.win32.x86_64_17.0.6.v20230204-1729\jre\bin\zip.dll
Event: 0.455 Loaded shared library D:\Software\Location\eclipce\eclipse-jee-2023-03-R-win32-x86_64\eclipse\plugins\org.eclipse.justj.openjdk.hotspot.jre.full.win32.x86_64_17.0.6.v20230204-1729\jre\bin\instrument.dll
Event: 0.527 Loaded shared library D:\Software\Location\eclipce\eclipse-jee-2023-03-R-win32-x86_64\eclipse\plugins\org.eclipse.justj.openjdk.hotspot.jre.full.win32.x86_64_17.0.6.v20230204-1729\jre\bin\net.dll
Event: 0.532 Loaded shared library D:\Software\Location\eclipce\eclipse-jee-2023-03-R-win32-x86_64\eclipse\plugins\org.eclipse.justj.openjdk.hotspot.jre.full.win32.x86_64_17.0.6.v20230204-1729\jre\bin\nio.dll
Event: 0.558 Loaded shared library D:\Software\Location\eclipce\eclipse-jee-2023-03-R-win32-x86_64\eclipse\plugins\org.eclipse.justj.openjdk.hotspot.jre.full.win32.x86_64_17.0.6.v20230204-1729\jre\bin\zip.dll
Event: 0.880 Loaded shared library D:\Software\Location\eclipce\eclipse-jee-2023-03-R-win32-x86_64\eclipse\plugins\org.eclipse.justj.openjdk.hotspot.jre.full.win32.x86_64_17.0.6.v20230204-1729\jre\bin\jimage.dll
Event: 1.018 Loaded shared library D:\Software\Location\eclipce\eclipse-jee-2023-03-R-win32-x86_64\eclipse\plugins\org.eclipse.justj.openjdk.hotspot.jre.full.win32.x86_64_17.0.6.v20230204-1729\jre\bin\verify.dll
Event: 8.809 Loaded shared library D:\Software\Location\eclipce\eclipse-jee-2023-03-R-win32-x86_64\eclipse\plugins\org.eclipse.justj.openjdk.hotspot.jre.full.win32.x86_64_17.0.6.v20230204-1729\jre\bin\sunmscapi.dll
Event: 8.866 Loaded shared library D:\Software\Location\eclipce\eclipse-jee-2023-03-R-win32-x86_64\eclipse\plugins\org.eclipse.justj.openjdk.hotspot.jre.full.win32.x86_64_17.0.6.v20230204-1729\jre\bin\management.dll
Event: 8.872 Loaded shared library D:\Software\Location\eclipce\eclipse-jee-2023-03-R-win32-x86_64\eclipse\plugins\org.eclipse.justj.openjdk.hotspot.jre.full.win32.x86_64_17.0.6.v20230204-1729\jre\bin\management_ext.dll

Deoptimization events (20 events):
Event: 12.413 Thread 0x0000024a04406e70 DEOPT PACKING pc=0x0000024a07d2a13c sp=0x00000076789fd740
Event: 12.413 Thread 0x0000024a04406e70 DEOPT UNPACKING pc=0x0000024a0f047143 sp=0x00000076789fcc30 mode 1
Event: 12.413 Thread 0x0000024a04406e70 DEOPT PACKING pc=0x0000024a07c4ab74 sp=0x00000076789fcc80
Event: 12.413 Thread 0x0000024a04406e70 DEOPT UNPACKING pc=0x0000024a0f047143 sp=0x00000076789fc118 mode 1
Event: 12.413 Thread 0x0000024a04406e70 DEOPT PACKING pc=0x0000024a07c4a05c sp=0x00000076789fcd50
Event: 12.413 Thread 0x0000024a04406e70 DEOPT UNPACKING pc=0x0000024a0f047143 sp=0x00000076789fc208 mode 1
Event: 12.413 Thread 0x0000024a04406e70 DEOPT PACKING pc=0x0000024a07d2a13c sp=0x00000076789fd740
Event: 12.413 Thread 0x0000024a04406e70 DEOPT UNPACKING pc=0x0000024a0f047143 sp=0x00000076789fcc30 mode 1
Event: 12.429 Thread 0x0000024a04406e70 DEOPT PACKING pc=0x0000024a07c4ab74 sp=0x00000076789fc030
Event: 12.429 Thread 0x0000024a04406e70 DEOPT UNPACKING pc=0x0000024a0f047143 sp=0x00000076789fb4c8 mode 1
Event: 12.429 Thread 0x0000024a04406e70 DEOPT PACKING pc=0x0000024a07c4a05c sp=0x00000076789fc100
Event: 12.429 Thread 0x0000024a04406e70 DEOPT UNPACKING pc=0x0000024a0f047143 sp=0x00000076789fb5b8 mode 1
Event: 12.429 Thread 0x0000024a04406e70 DEOPT PACKING pc=0x0000024a07d2a13c sp=0x00000076789fcaf0
Event: 12.429 Thread 0x0000024a04406e70 DEOPT UNPACKING pc=0x0000024a0f047143 sp=0x00000076789fbfe0 mode 1
Event: 12.430 Thread 0x0000024a04406e70 DEOPT PACKING pc=0x0000024a07c4ab74 sp=0x00000076789fc030
Event: 12.430 Thread 0x0000024a04406e70 DEOPT UNPACKING pc=0x0000024a0f047143 sp=0x00000076789fb4c8 mode 1
Event: 12.430 Thread 0x0000024a04406e70 DEOPT PACKING pc=0x0000024a07c4a05c sp=0x00000076789fc100
Event: 12.430 Thread 0x0000024a04406e70 DEOPT UNPACKING pc=0x0000024a0f047143 sp=0x00000076789fb5b8 mode 1
Event: 12.430 Thread 0x0000024a04406e70 DEOPT PACKING pc=0x0000024a07d2a13c sp=0x00000076789fcaf0
Event: 12.430 Thread 0x0000024a04406e70 DEOPT UNPACKING pc=0x0000024a0f047143 sp=0x00000076789fbfe0 mode 1

Classes unloaded (0 events):
No events

Classes redefined (0 events):
No events

Internal exceptions (20 events):
Event: 7.295 Thread 0x0000024a04406e70 Exception <a 'java/lang/NoClassDefFoundError'{0x0000000744407650}: org/springframework/batch/core/repository/JobRepository> (0x0000000744407650) 
thrown [s\src\hotspot\share\classfile\systemDictionary.cpp, line 245]
Event: 7.295 Thread 0x0000024a04406e70 Exception <a 'java/lang/NoClassDefFoundError'{0x0000000744408910}: org/quartz/Scheduler> (0x0000000744408910) 
thrown [s\src\hotspot\share\classfile\systemDictionary.cpp, line 245]
Event: 7.296 Thread 0x0000024a04406e70 Exception <a 'java/lang/NoClassDefFoundError'{0x0000000744409f80}: org/springframework/session/jdbc/JdbcIndexedSessionRepository> (0x0000000744409f80) 
thrown [s\src\hotspot\share\classfile\systemDictionary.cpp, line 245]
Event: 7.359 Thread 0x0000024a04406e70 Exception <a 'java/lang/NoSuchMethodError'{0x00000007445fa060}: 'void java.lang.invoke.DirectMethodHandle$Holder.invokeSpecial(java.lang.Object, java.lang.Object, java.lang.Object, java.lang.Object, java.lang.Object, java.lang.Object)'> (0x00000007445fa060) 
thrown [s\src\hotspot\share\interpreter\linkResolver.cpp, line 759]
Event: 7.579 Thread 0x0000024a04406e70 Exception <a 'java/lang/NoSuchMethodError'{0x0000000747f416b0}: 'java.lang.Object java.lang.invoke.DirectMethodHandle$Holder.invokeSpecialIFC(java.lang.Object, java.lang.Object, java.lang.Object)'> (0x0000000747f416b0) 
thrown [s\src\hotspot\share\interpreter\linkResolver.cpp, line 759]
Event: 7.829 Thread 0x0000024a04406e70 Exception <a 'java/lang/NoSuchMethodError'{0x00000007474c1ed0}: 'void java.lang.invoke.DirectMethodHandle$Holder.invokeInterface(java.lang.Object, java.lang.Object, int)'> (0x00000007474c1ed0) 
thrown [s\src\hotspot\share\interpreter\linkResolver.cpp, line 759]
Event: 7.847 Thread 0x0000024a04406e70 Exception <a 'java/lang/IncompatibleClassChangeError'{0x0000000747512728}: Found class java.lang.Object, but interface was expected> (0x0000000747512728) 
thrown [s\src\hotspot\share\interpreter\linkResolver.cpp, line 826]
Event: 7.848 Thread 0x0000024a04406e70 Exception <a 'java/lang/NoSuchMethodError'{0x0000000747517810}: 'void java.lang.invoke.DirectMethodHandle$Holder.invokeStatic(java.lang.Object, int, java.lang.Object)'> (0x0000000747517810) 
thrown [s\src\hotspot\share\interpreter\linkResolver.cpp, line 759]
Event: 8.148 Thread 0x0000024a04406e70 Exception <a 'java/lang/NoSuchMethodError'{0x0000000746ea06b0}: 'java.lang.Object java.lang.invoke.DirectMethodHandle$Holder.invokeStaticInit(java.lang.Object, int, int, int, int)'> (0x0000000746ea06b0) 
thrown [s\src\hotspot\share\interpreter\linkResolver.cpp, line 759]
Event: 8.349 Thread 0x0000024a04406e70 Exception <a 'java/lang/NoSuchMethodError'{0x0000000746f1dce0}: 'java.lang.Object java.lang.invoke.DirectMethodHandle$Holder.invokeStaticInit(java.lang.Object, java.lang.Object, int, int, int, int)'> (0x0000000746f1dce0) 
thrown [s\src\hotspot\share\interpreter\linkResolver.cpp, line 759]
Event: 8.700 Thread 0x0000024a04406e70 Exception <a 'java/lang/NoSuchMethodError'{0x0000000744039030}: 'java.lang.Object java.lang.invoke.DirectMethodHandle$Holder.invokeSpecial(java.lang.Object, java.lang.Object, long, java.lang.Object, java.lang.Object, java.lang.Object, java.lang.Object, java.lang.Object, java.lang.Object)'> (0x0000000744039030) 
thrown [s\src\hotspot\share\interpreter\linkResolver.cpp, line 759]
Event: 8.701 Thread 0x0000024a04406e70 Exception <a 'java/lang/NoSuchMethodError'{0x000000074403db58}: 'java.lang.Object java.lang.invoke.DelegatingMethodHandle$Holder.reinvoke_L(java.lang.Object, long, java.lang.Object, java.lang.Object, java.lang.Object, java.lang.Object, java.lang.Object, java.lang.Object)'> (0x000000074403db58) 
thrown [s\src\hotspot\share\interpreter\linkResolver.cpp, line 759]
Event: 8.702 Thread 0x0000024a04406e70 Exception <a 'java/lang/NoSuchMethodError'{0x000000074404a558}: 'java.lang.Object java.lang.invoke.Invokers$Holder.linkToTargetMethod(java.lang.Object, java.lang.Object, java.lang.Object, java.lang.Object, java.lang.Object, java.lang.Object, java.lang.Object)'> (0x000000074404a558) 
thrown [s\src\hotspot\share\interpreter\linkResolver.cpp, line 759]
Event: 8.759 Thread 0x0000024a04406e70 Implicit null exception at 0x0000024a0f7444d3 to 0x0000024a0f745e38
Event: 8.905 Thread 0x0000024a04406e70 Exception <a 'java/io/FileNotFoundException'{0x0000000743afead0}> (0x0000000743afead0) 
thrown [s\src\hotspot\share\prims\jni.cpp, line 516]
Event: 8.982 Thread 0x0000024a04406e70 Exception <a 'java/lang/NoSuchMethodError'{0x00000007439150f8}: 'int java.lang.invoke.DirectMethodHandle$Holder.invokeInterface(java.lang.Object, java.lang.Object, java.lang.Object, java.lang.Object)'> (0x00000007439150f8) 
thrown [s\src\hotspot\share\interpreter\linkResolver.cpp, line 759]
Event: 9.089 Thread 0x0000024a04406e70 Implicit null exception at 0x0000024a0f68c886 to 0x0000024a0f694d50
Event: 9.551 Thread 0x0000024a04406e70 Exception <a 'java/lang/NoSuchMethodError'{0x000000074d16a3d0}: 'void java.lang.invoke.DirectMethodHandle$Holder.invokeStaticInit(java.lang.Object, java.lang.Object, java.lang.Object, java.lang.Object, java.lang.Object)'> (0x000000074d16a3d0) 
thrown [s\src\hotspot\share\interpreter\linkResolver.cpp, line 759]
Event: 10.147 Thread 0x0000024a04406e70 Exception <a 'java/lang/NoSuchMethodError'{0x00000007432f9128}: 'java.lang.Object java.lang.invoke.DirectMethodHandle$Holder.invokeStaticInit(java.lang.Object, java.lang.Object, java.lang.Object, java.lang.Object)'> (0x00000007432f9128) 
thrown [s\src\hotspot\share\interpreter\linkResolver.cpp, line 759]
Event: 10.551 Thread 0x0000024a04406e70 Exception <a 'java/lang/NoSuchMethodError'{0x0000000742ef27a8}: 'long java.lang.invoke.DirectMethodHandle$Holder.invokeVirtual(java.lang.Object, java.lang.Object)'> (0x0000000742ef27a8) 
thrown [s\src\hotspot\share\interpreter\linkResolver.cpp, line 759]

VM Operations (20 events):
Event: 10.318 Executing VM operation: HandshakeAllThreads
Event: 10.382 Executing VM operation: HandshakeAllThreads done
Event: 10.383 Executing VM operation: HandshakeAllThreads
Event: 10.383 Executing VM operation: HandshakeAllThreads done
Event: 10.677 Executing VM operation: HandshakeAllThreads
Event: 10.677 Executing VM operation: HandshakeAllThreads done
Event: 10.677 Executing VM operation: Cleanup
Event: 10.677 Executing VM operation: Cleanup done
Event: 10.689 Executing VM operation: G1CollectForAllocation
Event: 10.697 Executing VM operation: G1CollectForAllocation done
Event: 11.546 Executing VM operation: HandshakeAllThreads
Event: 11.547 Executing VM operation: HandshakeAllThreads done
Event: 11.672 Executing VM operation: HandshakeAllThreads
Event: 11.672 Executing VM operation: HandshakeAllThreads done
Event: 11.778 Executing VM operation: HandshakeAllThreads
Event: 11.780 Executing VM operation: HandshakeAllThreads done
Event: 11.780 Executing VM operation: Cleanup
Event: 11.785 Executing VM operation: Cleanup done
Event: 11.880 Executing VM operation: G1CollectForAllocation
Event: 11.886 Executing VM operation: G1CollectForAllocation done

Events (20 events):
Event: 11.788 Thread 0x0000024a20cb0a80 flushing nmethod 0x0000024a08067010
Event: 11.788 Thread 0x0000024a20cb0a80 flushing nmethod 0x0000024a08073910
Event: 11.788 Thread 0x0000024a20cb0a80 flushing nmethod 0x0000024a08074790
Event: 11.788 Thread 0x0000024a20cb0a80 flushing nmethod 0x0000024a0807ca10
Event: 11.788 Thread 0x0000024a20cb0a80 flushing nmethod 0x0000024a08080e10
Event: 11.788 Thread 0x0000024a20cb0a80 flushing nmethod 0x0000024a08083710
Event: 11.788 Thread 0x0000024a20cb0a80 flushing nmethod 0x0000024a0808d290
Event: 11.788 Thread 0x0000024a20cb0a80 flushing nmethod 0x0000024a0808ee90
Event: 11.788 Thread 0x0000024a20cb0a80 flushing nmethod 0x0000024a08095e10
Event: 11.788 Thread 0x0000024a20cb0a80 flushing nmethod 0x0000024a080a2b10
Event: 11.788 Thread 0x0000024a20cb0a80 flushing nmethod 0x0000024a080c4510
Event: 11.788 Thread 0x0000024a20cb0a80 flushing nmethod 0x0000024a080dc710
Event: 11.788 Thread 0x0000024a20cb0a80 flushing nmethod 0x0000024a080feb90
Event: 11.788 Thread 0x0000024a20cb0a80 flushing nmethod 0x0000024a0810f110
Event: 11.788 Thread 0x0000024a20cb0a80 flushing nmethod 0x0000024a0812c610
Event: 11.788 Thread 0x0000024a20cb0a80 flushing nmethod 0x0000024a0812f110
Event: 11.788 Thread 0x0000024a20cb0a80 flushing nmethod 0x0000024a0813cd90
Event: 11.789 Thread 0x0000024a20cb0a80 flushing nmethod 0x0000024a08160c10
Event: 12.253 loading class java/util/UUID$Holder
Event: 12.253 loading class java/util/UUID$Holder done


Dynamic libraries:
0x00007ff6ed440000 - 0x00007ff6ed44e000 	D:\Software\Location\eclipce\eclipse-jee-2023-03-R-win32-x86_64\eclipse\plugins\org.eclipse.justj.openjdk.hotspot.jre.full.win32.x86_64_17.0.6.v20230204-1729\jre\bin\javaw.exe
0x00007ffa4bd90000 - 0x00007ffa4bf88000 	C:\Windows\SYSTEM32\ntdll.dll
0x00007ffa4b070000 - 0x00007ffa4b12f000 	C:\Windows\System32\KERNEL32.DLL
0x00007ffa497e0000 - 0x00007ffa49aba000 	C:\Windows\System32\KERNELBASE.dll
0x00007ffa496b0000 - 0x00007ffa497b0000 	C:\Windows\System32\ucrtbase.dll
0x00007ffa44240000 - 0x00007ffa44257000 	D:\Software\Location\eclipce\eclipse-jee-2023-03-R-win32-x86_64\eclipse\plugins\org.eclipse.justj.openjdk.hotspot.jre.full.win32.x86_64_17.0.6.v20230204-1729\jre\bin\jli.dll
0x00007ffa4ae60000 - 0x00007ffa4affd000 	C:\Windows\System32\USER32.dll
0x00007ffa49ac0000 - 0x00007ffa49ae2000 	C:\Windows\System32\win32u.dll
0x00007ffa4a4e0000 - 0x00007ffa4a50b000 	C:\Windows\System32\GDI32.dll
0x00007ffa49510000 - 0x00007ffa49620000 	C:\Windows\System32\gdi32full.dll
0x00007ffa44ff0000 - 0x00007ffa45009000 	D:\Software\Location\eclipce\eclipse-jee-2023-03-R-win32-x86_64\eclipse\plugins\org.eclipse.justj.openjdk.hotspot.jre.full.win32.x86_64_17.0.6.v20230204-1729\jre\bin\VCRUNTIME140.dll
0x00007ffa49af0000 - 0x00007ffa49b8d000 	C:\Windows\System32\msvcp_win.dll
0x00007ffa3c6b0000 - 0x00007ffa3c94a000 	C:\Windows\WinSxS\amd64_microsoft.windows.common-controls_6595b64144ccf1df_6.0.19041.1110_none_60b5254171f9507e\COMCTL32.dll
0x00007ffa49f30000 - 0x00007ffa49fce000 	C:\Windows\System32\msvcrt.dll
0x00007ffa4b9f0000 - 0x00007ffa4ba20000 	C:\Windows\System32\IMM32.DLL
0x00007ffa46ca0000 - 0x00007ffa46cac000 	D:\Software\Location\eclipce\eclipse-jee-2023-03-R-win32-x86_64\eclipse\plugins\org.eclipse.justj.openjdk.hotspot.jre.full.win32.x86_64_17.0.6.v20230204-1729\jre\bin\vcruntime140_1.dll
0x00007ffa44300000 - 0x00007ffa44391000 	D:\Software\Location\eclipce\eclipse-jee-2023-03-R-win32-x86_64\eclipse\plugins\org.eclipse.justj.openjdk.hotspot.jre.full.win32.x86_64_17.0.6.v20230204-1729\jre\bin\msvcp140.dll
0x00007ff9f7230000 - 0x00007ff9f7e77000 	D:\Software\Location\eclipce\eclipse-jee-2023-03-R-win32-x86_64\eclipse\plugins\org.eclipse.justj.openjdk.hotspot.jre.full.win32.x86_64_17.0.6.v20230204-1729\jre\bin\server\jvm.dll
0x00007ffa4a430000 - 0x00007ffa4a4de000 	C:\Windows\System32\ADVAPI32.dll
0x00007ffa49fd0000 - 0x00007ffa4a06c000 	C:\Windows\System32\sechost.dll
0x00007ffa4bc20000 - 0x00007ffa4bd46000 	C:\Windows\System32\RPCRT4.dll
0x00007ffa46c90000 - 0x00007ffa46c99000 	C:\Windows\SYSTEM32\WSOCK32.dll
0x00007ffa4b000000 - 0x00007ffa4b06b000 	C:\Windows\System32\WS2_32.dll
0x00007ffa3f9b0000 - 0x00007ffa3f9d7000 	C:\Windows\SYSTEM32\WINMM.dll
0x00007ffa431a0000 - 0x00007ffa431aa000 	C:\Windows\SYSTEM32\VERSION.dll
0x00007ffa47360000 - 0x00007ffa47372000 	C:\Windows\SYSTEM32\kernel.appcore.dll
0x00007ffa448c0000 - 0x00007ffa448ca000 	D:\Software\Location\eclipce\eclipse-jee-2023-03-R-win32-x86_64\eclipse\plugins\org.eclipse.justj.openjdk.hotspot.jre.full.win32.x86_64_17.0.6.v20230204-1729\jre\bin\jimage.dll
0x00007ffa38280000 - 0x00007ffa38464000 	C:\Windows\SYSTEM32\DBGHELP.DLL
0x00007ffa37b60000 - 0x00007ffa37b94000 	C:\Windows\SYSTEM32\dbgcore.DLL
0x00007ffa49620000 - 0x00007ffa496a2000 	C:\Windows\System32\bcryptPrimitives.dll
0x00007ffa43130000 - 0x00007ffa4316b000 	D:\Software\Location\eclipce\eclipse-jee-2023-03-R-win32-x86_64\eclipse\plugins\org.eclipse.justj.openjdk.hotspot.jre.full.win32.x86_64_17.0.6.v20230204-1729\jre\bin\jdwp.dll
0x00007ffa448b0000 - 0x00007ffa448be000 	D:\Software\Location\eclipce\eclipse-jee-2023-03-R-win32-x86_64\eclipse\plugins\org.eclipse.justj.openjdk.hotspot.jre.full.win32.x86_64_17.0.6.v20230204-1729\jre\bin\instrument.dll
0x00007ffa271e0000 - 0x00007ffa27205000 	D:\Software\Location\eclipce\eclipse-jee-2023-03-R-win32-x86_64\eclipse\plugins\org.eclipse.justj.openjdk.hotspot.jre.full.win32.x86_64_17.0.6.v20230204-1729\jre\bin\java.dll
0x00007ffa3c5f0000 - 0x00007ffa3c608000 	D:\Software\Location\eclipce\eclipse-jee-2023-03-R-win32-x86_64\eclipse\plugins\org.eclipse.justj.openjdk.hotspot.jre.full.win32.x86_64_17.0.6.v20230204-1729\jre\bin\zip.dll
0x00007ffa4b1e0000 - 0x00007ffa4b924000 	C:\Windows\System32\SHELL32.dll
0x00007ffa47560000 - 0x00007ffa47cf3000 	C:\Windows\SYSTEM32\windows.storage.dll
0x00007ffa4a0d0000 - 0x00007ffa4a424000 	C:\Windows\System32\combase.dll
0x00007ffa48f00000 - 0x00007ffa48f2e000 	C:\Windows\SYSTEM32\Wldp.dll
0x00007ffa4b130000 - 0x00007ffa4b1dd000 	C:\Windows\System32\SHCORE.dll
0x00007ffa4bb60000 - 0x00007ffa4bbb5000 	C:\Windows\System32\shlwapi.dll
0x00007ffa493e0000 - 0x00007ffa493ff000 	C:\Windows\SYSTEM32\profapi.dll
0x00007ffa44fe0000 - 0x00007ffa44fec000 	D:\Software\Location\eclipce\eclipse-jee-2023-03-R-win32-x86_64\eclipse\plugins\org.eclipse.justj.openjdk.hotspot.jre.full.win32.x86_64_17.0.6.v20230204-1729\jre\bin\dt_socket.dll
0x00007ffa48900000 - 0x00007ffa4893c000 	C:\Windows\SYSTEM32\IPHLPAPI.DLL
0x00007ffa48c60000 - 0x00007ffa48cca000 	C:\Windows\system32\mswsock.dll
0x00007ffa48950000 - 0x00007ffa48a1b000 	C:\Windows\SYSTEM32\DNSAPI.dll
0x00007ffa4b9e0000 - 0x00007ffa4b9e8000 	C:\Windows\System32\NSI.dll
0x00007ffa3c170000 - 0x00007ffa3c17a000 	C:\Windows\System32\rasadhlp.dll
0x00007ffa3d8e0000 - 0x00007ffa3d960000 	C:\Windows\System32\fwpuclnt.dll
0x00007ffa497b0000 - 0x00007ffa497d7000 	C:\Windows\System32\bcrypt.dll
0x00007ffa3a860000 - 0x00007ffa3a879000 	D:\Software\Location\eclipce\eclipse-jee-2023-03-R-win32-x86_64\eclipse\plugins\org.eclipse.justj.openjdk.hotspot.jre.full.win32.x86_64_17.0.6.v20230204-1729\jre\bin\net.dll
0x00007ffa41e20000 - 0x00007ffa41f2a000 	C:\Windows\SYSTEM32\WINHTTP.dll
0x00007ffa310f0000 - 0x00007ffa31105000 	D:\Software\Location\eclipce\eclipse-jee-2023-03-R-win32-x86_64\eclipse\plugins\org.eclipse.justj.openjdk.hotspot.jre.full.win32.x86_64_17.0.6.v20230204-1729\jre\bin\nio.dll
0x00007ffa44230000 - 0x00007ffa44240000 	D:\Software\Location\eclipce\eclipse-jee-2023-03-R-win32-x86_64\eclipse\plugins\org.eclipse.justj.openjdk.hotspot.jre.full.win32.x86_64_17.0.6.v20230204-1729\jre\bin\verify.dll
0x00007ffa48e50000 - 0x00007ffa48e68000 	C:\Windows\SYSTEM32\CRYPTSP.dll
0x00007ffa48510000 - 0x00007ffa48544000 	C:\Windows\system32\rsaenh.dll
0x00007ffa493a0000 - 0x00007ffa493ce000 	C:\Windows\SYSTEM32\USERENV.dll
0x00007ffa48e70000 - 0x00007ffa48e7c000 	C:\Windows\SYSTEM32\CRYPTBASE.dll
0x00007ffa42980000 - 0x00007ffa42997000 	C:\Windows\SYSTEM32\dhcpcsvc6.DLL
0x00007ffa431b0000 - 0x00007ffa431cd000 	C:\Windows\SYSTEM32\dhcpcsvc.DLL
0x00007ffa35840000 - 0x00007ffa3584e000 	D:\Software\Location\eclipce\eclipse-jee-2023-03-R-win32-x86_64\eclipse\plugins\org.eclipse.justj.openjdk.hotspot.jre.full.win32.x86_64_17.0.6.v20230204-1729\jre\bin\sunmscapi.dll
0x00007ffa49b90000 - 0x00007ffa49ce6000 	C:\Windows\System32\CRYPT32.dll
0x00007ffa48f70000 - 0x00007ffa48f98000 	C:\Windows\SYSTEM32\ncrypt.dll
0x00007ffa48f30000 - 0x00007ffa48f6b000 	C:\Windows\SYSTEM32\NTASN1.dll
0x00007ffa44fd0000 - 0x00007ffa44fd9000 	D:\Software\Location\eclipce\eclipse-jee-2023-03-R-win32-x86_64\eclipse\plugins\org.eclipse.justj.openjdk.hotspot.jre.full.win32.x86_64_17.0.6.v20230204-1729\jre\bin\management.dll
0x00007ffa44f90000 - 0x00007ffa44f9b000 	D:\Software\Location\eclipce\eclipse-jee-2023-03-R-win32-x86_64\eclipse\plugins\org.eclipse.justj.openjdk.hotspot.jre.full.win32.x86_64_17.0.6.v20230204-1729\jre\bin\management_ext.dll
0x00007ffa49f20000 - 0x00007ffa49f28000 	C:\Windows\System32\PSAPI.DLL

dbghelp: loaded successfully - version: 4.0.5 - missing functions: none
symbol engine: initialized successfully - sym options: 0x614 - pdb path: .;D:\Software\Location\eclipce\eclipse-jee-2023-03-R-win32-x86_64\eclipse\plugins\org.eclipse.justj.openjdk.hotspot.jre.full.win32.x86_64_17.0.6.v20230204-1729\jre\bin;C:\Windows\SYSTEM32;C:\Windows\WinSxS\amd64_microsoft.windows.common-controls_6595b64144ccf1df_6.0.19041.1110_none_60b5254171f9507e;D:\Software\Location\eclipce\eclipse-jee-2023-03-R-win32-x86_64\eclipse\plugins\org.eclipse.justj.openjdk.hotspot.jre.full.win32.x86_64_17.0.6.v20230204-1729\jre\bin\server

VM Arguments:
jvm_args: -XX:+ShowCodeDetailsInExceptionMessages -agentlib:jdwp=transport=dt_socket,suspend=y,address=localhost:49737 -javaagent:D:\Software\Location\eclipce\eclipse-jee-2023-03-R-win32-x86_64\eclipse\configuration\org.eclipse.osgi\424\0\.cp\lib\javaagent-shaded.jar -Dfile.encoding=UTF-8 
java_command: com.akash.spapp1.SpApp1Application
java_class_path (initial): D:\Swimming-Pool-App\Server Side\sp-app1\sp-app1\target\classes;C:\Users\admin\.m2\repository\org\springframework\boot\spring-boot-starter-data-jpa\3.0.4\spring-boot-starter-data-jpa-3.0.4.jar;C:\Users\admin\.m2\repository\org\springframework\boot\spring-boot-starter-aop\3.0.4\spring-boot-starter-aop-3.0.4.jar;C:\Users\admin\.m2\repository\org\springframework\spring-aop\6.0.6\spring-aop-6.0.6.jar;C:\Users\admin\.m2\repository\org\aspectj\aspectjweaver\1.9.19\aspectjweaver-1.9.19.jar;C:\Users\admin\.m2\repository\org\springframework\boot\spring-boot-starter-jdbc\3.0.4\spring-boot-starter-jdbc-3.0.4.jar;C:\Users\admin\.m2\repository\com\zaxxer\HikariCP\5.0.1\HikariCP-5.0.1.jar;C:\Users\admin\.m2\repository\org\springframework\spring-jdbc\6.0.6\spring-jdbc-6.0.6.jar;C:\Users\admin\.m2\repository\org\hibernate\orm\hibernate-core\6.1.7.Final\hibernate-core-6.1.7.Final.jar;C:\Users\admin\.m2\repository\jakarta\persistence\jakarta.persistence-api\3.1.0\jakarta.persistence-api-3.1.0.jar;C:\Users\admin\.m2\repository\jakarta\transaction\jakarta.transaction-api\2.0.1\jakarta.transaction-api-2.0.1.jar;C:\Users\admin\.m2\repository\org\jboss\logging\jboss-logging\3.5.0.Final\jboss-logging-3.5.0.Final.jar;C:\Users\admin\.m2\repository\org\hibernate\common\hibernate-commons-annotations\6.0.6.Final\hibernate-commons-annotations-6.0.6.Final.jar;C:\Users\admin\.m2\repository\org\jboss\jandex\2.4.2.Final\jandex-2.4.2.Final.jar;C:\Users\admin\.m2\repository\com\fasterxml\classmate\1.5.1\classmate-1.5.1.jar;C:\Users\admin\.m2\repository\net\bytebuddy\byte-buddy\1.12.23\byte-buddy-1.12.23.jar;C:\Users\admin\.m2\repository\org\glassfish\jaxb\jaxb-runtime\4.0.2\jaxb-runtime-4.0.2.jar;C:\Users\admin\.m2\repository\org\glassfish\jaxb\jaxb-core\4.0.2\jaxb-core-4.0.2.jar;C:\Users\admin\.m2\repository\org\glassfish\jaxb\txw2\4.0.2\txw2-4.0.2.jar;C:\Users\admin\.m2\repository\com\sun\istack\istack-commons-runtime\4.1.1\istack-commons-runtime-4.1.1.jar;C:\Users\admin
Launcher Type: SUN_STANDARD

[Global flags]
     intx CICompilerCount                          = 3                                         {product} {ergonomic}
     uint ConcGCThreads                            = 1                                         {product} {ergonomic}
     uint G1ConcRefinementThreads                  = 4                                         {product} {ergonomic}
   size_t G1HeapRegionSize                         = 2097152                                   {product} {ergonomic}
    uintx GCDrainStackTargetSize                   = 64                                        {product} {ergonomic}
   size_t InitialHeapSize                          = 201326592                                 {product} {ergonomic}
   size_t MarkStackSize                            = 4194304                                   {product} {ergonomic}
   size_t MaxHeapSize                              = 3202351104                                {product} {ergonomic}
   size_t MaxNewSize                               = 1920991232                                {product} {ergonomic}
   size_t MinHeapDeltaBytes                        = 2097152                                   {product} {ergonomic}
   size_t MinHeapSize                              = 8388608                                   {product} {ergonomic}
    uintx NonNMethodCodeHeapSize                   = 5832780                                {pd product} {ergonomic}
    uintx NonProfiledCodeHeapSize                  = 122912730                              {pd product} {ergonomic}
    uintx ProfiledCodeHeapSize                     = 122912730                              {pd product} {ergonomic}
    uintx ReservedCodeCacheSize                    = 251658240                              {pd product} {ergonomic}
     bool SegmentedCodeCache                       = true                                      {product} {ergonomic}
     bool ShowCodeDetailsInExceptionMessages       = true                                   {manageable} {command line}
   size_t SoftMaxHeapSize                          = 3202351104                             {manageable} {ergonomic}
     bool UseCompressedClassPointers               = true                           {product lp64_product} {ergonomic}
     bool UseCompressedOops                        = true                           {product lp64_product} {ergonomic}
     bool UseG1GC                                  = true                                      {product} {ergonomic}
     bool UseLargePagesIndividualAllocation        = false                                  {pd product} {ergonomic}

Logging:
Log output configuration:
 #0: stdout all=warning uptime,level,tags
 #1: stderr all=off uptime,level,tags

Environment Variables:
PATH=D:\Software\Location\eclipce\eclipse-jee-2023-03-R-win32-x86_64\eclipse\plugins\org.eclipse.justj.openjdk.hotspot.jre.full.win32.x86_64_17.0.6.v20230204-1729\jre\bin;D:/Software/Location/eclipce/eclipse-jee-2023-03-R-win32-x86_64/eclipse//plugins/org.eclipse.justj.openjdk.hotspot.jre.full.win32.x86_64_17.0.6.v20230204-1729/jre/bin/server;D:/Software/Location/eclipce/eclipse-jee-2023-03-R-win32-x86_64/eclipse//plugins/org.eclipse.justj.openjdk.hotspot.jre.full.win32.x86_64_17.0.6.v20230204-1729/jre/bin;C:\Windows\system32;C:\Windows;C:\Windows\System32\Wbem;C:\Windows\System32\WindowsPowerShell\v1.0\;C:\Windows\System32\OpenSSH\;C:\Program Files\nodejs\;C:\Program Files\MySQL\MySQL Shell 8.0\bin\;C:\Users\admin\AppData\Local\Microsoft\WindowsApps;D:\Software\Location\vscode\Microsoft VS Code\bin;C:\Users\admin\Downloads\jdk-17_windows-x64_bin\jdk-17.0.6\bin;C:\Program Files\nodejs\node_modules\npm\bin;C:\Users\admin\AppData\Roaming\npm;D:\Software\Location\eclipce\eclipse-jee-2023-03-R-win32-x86_64\eclipse;
USERNAME=admin
OS=Windows_NT
PROCESSOR_IDENTIFIER=Intel64 Family 6 Model 61 Stepping 4, GenuineIntel
TMP=C:\Users\admin\AppData\Local\Temp
TEMP=C:\Users\admin\AppData\Local\Temp



---------------  S Y S T E M  ---------------

OS:
 Windows 10 , 64 bit Build 19041 (10.0.19041.2788)
OS uptime: 1 days 5:38 hours

CPU: total 4 (initial active 4) (2 cores per cpu, 2 threads per core) family 6 model 61 stepping 4 microcode 0x2d, cx8, cmov, fxsr, ht, mmx, 3dnowpref, sse, sse2, sse3, ssse3, sse4.1, sse4.2, popcnt, lzcnt, tsc, tscinvbit, avx, avx2, aes, erms, clmul, bmi1, bmi2, adx, fma, vzeroupper, clflush

Memory: 4k page, system-wide physical 12210M (4367M free)
TotalPageFile size 24498M (AvailPageFile size 14427M)
current process WorkingSet (physical memory assigned to process): 225M, peak: 244M
current process commit charge ("private bytes"): 249M, peak: 351M

vm_info: OpenJDK 64-Bit Server VM (17.0.6+10) for windows-amd64 JRE (17.0.6+10), built on Jan 18 2023 10:08:59 by "temurin" with MS VC++ 16.7 (VS2019)

END.
